This file contains any messages produced by compilers while
running configure, to aid debugging if configure makes a mistake.

It was created by ParKin configure 1.0, which was
generated by GNU Autoconf 2.69.  Invocation command line was

  $ /cygdrive/C/Users/Quin/WORK/ParKin/configure --with-RNA=/cygdrive/c/Users/Quin/install/ViennaRNA-dev

## --------- ##
## Platform. ##
## --------- ##

hostname = QuinTheEskimo
uname -m = x86_64
uname -r = 2.5.1(0.297/5/3)
uname -s = CYGWIN_NT-10.0
uname -v = 2016-04-21 22:14

/usr/bin/uname -p = unknown
/bin/uname -X     = unknown

/bin/arch              = x86_64
/usr/bin/arch -k       = unknown
/usr/convex/getsysinfo = unknown
/usr/bin/hostinfo      = unknown
/bin/machine           = unknown
/usr/bin/oslevel       = unknown
/bin/universe          = unknown

PATH: /usr/bin
PATH: /cygdrive/c/Program Files/Java/jre1.8.0_121/bin/server
PATH: /cygdrive/c/Program Files/Java/jre1.8.0_121/bin
PATH: /cygdrive/c/Program Files/Java/jre1.8.0_121/lib/amd64
PATH: /cygdrive/c/ProgramData/Oracle/Java/javapath
PATH: /cygdrive/c/Program Files (x86)/NVIDIA Corporation/PhysX/Common
PATH: /cygdrive/c/WINDOWS/system32
PATH: /cygdrive/c/WINDOWS
PATH: /cygdrive/c/WINDOWS/System32/Wbem
PATH: /cygdrive/c/WINDOWS/System32/WindowsPowerShell/v1.0
PATH: /cygdrive/c/Program Files (x86)/Intel/OpenCL SDK/2.0/bin/x86
PATH: /cygdrive/c/Program Files (x86)/Intel/OpenCL SDK/2.0/bin/x64
PATH: /cygdrive/c/Program Files/TortoiseSVN/bin
PATH: /cygdrive/c/Program Files/Microsoft/Web Platform Installer
PATH: /cygdrive/c/Program Files (x86)/Microsoft ASP.NET/ASP.NET Web Pages/v1.0
PATH: /cygdrive/c/Python27
PATH: /cygdrive/c/Program Files (x86)/Windows Live/Shared
PATH: /cygdrive/c/Program Files (x86)/Common Files/Adobe/AGL
PATH: /cygdrive/c/Program Files/MATLAB/R2013b/runtime/win64
PATH: /cygdrive/c/Program Files/MATLAB/R2013b/bin
PATH: /cygdrive/c/Program Files (x86)/MiKTeX 2.9/miktex/bin
PATH: /cygdrive/c/MinGW/bin
PATH: /cygdrive/c/Program Files/MiKTeX 2.9/miktex/bin/x64
PATH: /usr/bin
PATH: /cygdrive/c/Program Files (x86)/Common Files/Acronis/SnapAPI
PATH: /cygdrive/c/Dwimperl/perl/bin
PATH: /cygdrive/c/Dwimperl/perl/site/bin
PATH: /cygdrive/c/Dwimperl/c/bin
PATH: /cygdrive/c/Program Files/Java/jdk1.8.0_11/bin
PATH: /cygdrive/c/Users/Quin/workspace/Hoard/win64/win64/libhoard.dll
PATH: /cygdrive/c/Program Files (x86)/GNU/GnuPG/pub
PATH: /cygdrive/c/Program Files/Intel/WiFi/bin
PATH: /cygdrive/c/Program Files/Common Files/Intel/WirelessCommon
PATH: /cygdrive/c/Users/Quin/.dnx/bin
PATH: /cygdrive/c/Program Files/Microsoft DNX/Dnvm
PATH: /cygdrive/c/Program Files (x86)/GtkSharp/2.12/bin
PATH: /cygdrive/c/WINDOWS/system32
PATH: /cygdrive/c/WINDOWS
PATH: /cygdrive/c/WINDOWS/System32/Wbem
PATH: /cygdrive/c/WINDOWS/System32/WindowsPowerShell/v1.0
PATH: /cygdrive/c/Program Files (x86)/Microsoft SQL Server/130/DTS/Binn
PATH: /cygdrive/c/Program Files (x86)/MySQL/MySQL Fabric 1.5 & MySQL Utilities 1.5
PATH: /cygdrive/c/Program Files (x86)/MySQL/MySQL Fabric 1.5 & MySQL Utilities 1.5/Doctrine extensions for PHP
PATH: /cygdrive/c/Program Files/Microsoft SQL Server/110/DTS/Binn
PATH: /cygdrive/c/Program Files (x86)/Microsoft SQL Server/110/Tools/Binn
PATH: /cygdrive/c/Program Files/Microsoft SQL Server/110/Tools/Binn
PATH: /cygdrive/c/Program Files (x86)/Microsoft SQL Server/110/Tools/Binn/ManagementStudio
PATH: /cygdrive/c/Program Files (x86)/Microsoft Visual Studio 10.0/Common7/IDE/PrivateAssemblies
PATH: /cygdrive/c/Program Files (x86)/Microsoft SQL Server/110/DTS/Binn
PATH: /cygdrive/c/Program Files (x86)/Skype/Phone
PATH: /cygdrive/c/Program Files/TortoiseGit/bin
PATH: /cygdrive/c/Program Files (x86)/IBM/ILOG/CPLEX_Studio_Academic123/opl/bin/x86_win32
PATH: /cygdrive/c/Program Files (x86)/IBM/ILOG/CPLEX_Studio_Academic123/opl/oplide
PATH: /cygdrive/c/Program Files (x86)/IBM/ILOG/CPLEX_Studio_Academic123/cplex/bin/x86_win32
PATH: /cygdrive/c/Program Files (x86)/IBM/ILOG/CPLEX_Studio_Academic123/cpoptimizer/bin/x86_win32
PATH: /cygdrive/c/Program Files (x86)/CVSNT
PATH: /home/Quin/install/ViennaRNA/2.1.7/bin/
PATH: /home/Quin/install_no_debug/RNAkinetics/trunk/bin/
PATH: /cygdrive/c/Program Files/Intel/WiFi/bin
PATH: /cygdrive/c/Program Files/Common Files/Intel/WirelessCommon
PATH: /cygdrive/c/Program Files (x86)/Google/google_appengine
PATH: /cygdrive/c/Program Files/eclipse


## ----------- ##
## Core tests. ##
## ----------- ##

configure:2147: checking build system type
configure:2161: result: x86_64-unknown-cygwin
configure:2181: checking host system type
configure:2194: result: x86_64-unknown-cygwin
configure:2323: checking for g++
configure:2339: found /usr/bin/g++
configure:2350: result: g++
configure:2377: checking for C++ compiler version
configure:2386: g++ --version >&5
g++ (GCC) 5.3.0
Copyright (C) 2015 Free Software Foundation, Inc.
This is free software; see the source for copying conditions.  There is NO
warranty; not even for MERCHANTABILITY or FITNESS FOR A PARTICULAR PURPOSE.

configure:2397: $? = 0
configure:2386: g++ -v >&5
Using built-in specs.
COLLECT_GCC=g++
COLLECT_LTO_WRAPPER=/usr/lib/gcc/x86_64-pc-cygwin/5.3.0/lto-wrapper.exe
Target: x86_64-pc-cygwin
Configured with: /cygdrive/i/szsz/tmpp/gcc/gcc-5.3.0-5.x86_64/src/gcc-5.3.0/configure --srcdir=/cygdrive/i/szsz/tmpp/gcc/gcc-5.3.0-5.x86_64/src/gcc-5.3.0 --prefix=/usr --exec-prefix=/usr --localstatedir=/var --sysconfdir=/etc --docdir=/usr/share/doc/gcc --htmldir=/usr/share/doc/gcc/html -C --build=x86_64-pc-cygwin --host=x86_64-pc-cygwin --target=x86_64-pc-cygwin --without-libiconv-prefix --without-libintl-prefix --libexecdir=/usr/lib --enable-shared --enable-shared-libgcc --enable-static --enable-version-specific-runtime-libs --enable-bootstrap --enable-__cxa_atexit --with-dwarf2 --with-tune=generic --enable-languages=ada,c,c++,fortran,lto,objc,obj-c++ --enable-graphite --enable-threads=posix --enable-libatomic --enable-libcilkrts --enable-libgomp --enable-libitm --enable-libquadmath --enable-libquadmath-support --enable-libssp --enable-libada --enable-libgcj-sublibs --disable-java-awt --disable-symvers --with-ecj-jar=/usr/share/java/ecj.jar --with-gnu-ld --with-gnu-as --with-cloog-include=/usr/include/cloog-isl --without-libiconv-prefix --without-libintl-prefix --with-system-zlib --enable-linker-build-id --with-default-libstdcxx-abi=gcc4-compatible
Thread model: posix
gcc version 5.3.0 (GCC) 
configure:2397: $? = 0
configure:2386: g++ -V >&5
g++: error: unrecognized command line option '-V'
g++: fatal error: no input files
compilation terminated.
configure:2397: $? = 1
configure:2386: g++ -qversion >&5
g++: error: unrecognized command line option '-qversion'
g++: fatal error: no input files
compilation terminated.
configure:2397: $? = 1
configure:2417: checking whether the C++ compiler works
configure:2439: g++    conftest.cpp  >&5
configure:2443: $? = 0
configure:2491: result: yes
configure:2494: checking for C++ compiler default output file name
configure:2496: result: a.exe
configure:2502: checking for suffix of executables
configure:2509: g++ -o conftest.exe    conftest.cpp  >&5
configure:2513: $? = 0
configure:2535: result: .exe
configure:2557: checking whether we are cross compiling
configure:2565: g++ -o conftest.exe    conftest.cpp  >&5
configure:2569: $? = 0
configure:2576: ./conftest.exe
configure:2580: $? = 0
configure:2595: result: no
configure:2600: checking for suffix of object files
configure:2622: g++ -c   conftest.cpp >&5
configure:2626: $? = 0
configure:2647: result: o
configure:2651: checking whether we are using the GNU C++ compiler
configure:2670: g++ -c   conftest.cpp >&5
configure:2670: $? = 0
configure:2679: result: yes
configure:2688: checking whether g++ accepts -g
configure:2708: g++ -c -g  conftest.cpp >&5
configure:2708: $? = 0
configure:2749: result: yes
configure:2820: checking for gcc
configure:2836: found /usr/bin/gcc
configure:2847: result: gcc
configure:3076: checking for C compiler version
configure:3085: gcc --version >&5
gcc (GCC) 5.3.0
Copyright (C) 2015 Free Software Foundation, Inc.
This is free software; see the source for copying conditions.  There is NO
warranty; not even for MERCHANTABILITY or FITNESS FOR A PARTICULAR PURPOSE.

configure:3096: $? = 0
configure:3085: gcc -v >&5
Using built-in specs.
COLLECT_GCC=gcc
COLLECT_LTO_WRAPPER=/usr/lib/gcc/x86_64-pc-cygwin/5.3.0/lto-wrapper.exe
Target: x86_64-pc-cygwin
Configured with: /cygdrive/i/szsz/tmpp/gcc/gcc-5.3.0-5.x86_64/src/gcc-5.3.0/configure --srcdir=/cygdrive/i/szsz/tmpp/gcc/gcc-5.3.0-5.x86_64/src/gcc-5.3.0 --prefix=/usr --exec-prefix=/usr --localstatedir=/var --sysconfdir=/etc --docdir=/usr/share/doc/gcc --htmldir=/usr/share/doc/gcc/html -C --build=x86_64-pc-cygwin --host=x86_64-pc-cygwin --target=x86_64-pc-cygwin --without-libiconv-prefix --without-libintl-prefix --libexecdir=/usr/lib --enable-shared --enable-shared-libgcc --enable-static --enable-version-specific-runtime-libs --enable-bootstrap --enable-__cxa_atexit --with-dwarf2 --with-tune=generic --enable-languages=ada,c,c++,fortran,lto,objc,obj-c++ --enable-graphite --enable-threads=posix --enable-libatomic --enable-libcilkrts --enable-libgomp --enable-libitm --enable-libquadmath --enable-libquadmath-support --enable-libssp --enable-libada --enable-libgcj-sublibs --disable-java-awt --disable-symvers --with-ecj-jar=/usr/share/java/ecj.jar --with-gnu-ld --with-gnu-as --with-cloog-include=/usr/include/cloog-isl --without-libiconv-prefix --without-libintl-prefix --with-system-zlib --enable-linker-build-id --with-default-libstdcxx-abi=gcc4-compatible
Thread model: posix
gcc version 5.3.0 (GCC) 
configure:3096: $? = 0
configure:3085: gcc -V >&5
gcc: error: unrecognized command line option '-V'
gcc: fatal error: no input files
compilation terminated.
configure:3096: $? = 1
configure:3085: gcc -qversion >&5
gcc: error: unrecognized command line option '-qversion'
gcc: fatal error: no input files
compilation terminated.
configure:3096: $? = 1
configure:3100: checking whether we are using the GNU C compiler
configure:3119: gcc -c   conftest.c >&5
configure:3119: $? = 0
configure:3128: result: yes
configure:3137: checking whether gcc accepts -g
configure:3157: gcc -c -g  conftest.c >&5
configure:3157: $? = 0
configure:3198: result: yes
configure:3215: checking for gcc option to accept ISO C89
configure:3278: gcc  -c -g -O2  conftest.c >&5
configure:3278: $? = 0
configure:3291: result: none needed
configure:3319: checking whether gcc understands -c and -o together
configure:3341: gcc -c conftest.c -o conftest2.o
configure:3344: $? = 0
configure:3341: gcc -c conftest.c -o conftest2.o
configure:3344: $? = 0
configure:3356: result: yes
configure:3376: checking for pkg-config
configure:3392: found /usr/bin/pkg-config
configure:3404: result: yes
configure:3434: checking for a BSD-compatible install
configure:3502: result: /usr/bin/install -c
configure:3513: checking whether build environment is sane
configure:3568: result: yes
configure:3716: checking for a thread-safe mkdir -p
configure:3755: result: /usr/bin/mkdir -p
configure:3762: checking for gawk
configure:3778: found /usr/bin/gawk
configure:3789: result: gawk
configure:3800: checking whether make sets $(MAKE)
configure:3822: result: yes
configure:3852: checking for style of include used by make
configure:3880: result: GNU
configure:3914: checking whether make supports nested variables
configure:3931: result: yes
configure:4016: checking dependency style of gcc
configure:4127: result: gcc3
configure:4144: checking dependency style of g++
configure:4255: result: gcc3
configure:4331: checking for g++ option to support OpenMP
configure:4346: g++ -o conftest.exe    conftest.cpp  >&5
conftest.cpp:13:2: error: 'choke' does not name a type
  choke me
  ^
In file included from conftest.cpp:15:0:
/usr/lib/gcc/x86_64-pc-cygwin/5.3.0/include/omp.h:39:3: error: 'omp_lock_t' does not name a type
 } omp_lock_t;
   ^
/usr/lib/gcc/x86_64-pc-cygwin/5.3.0/include/omp.h:86:28: error: variable or field 'omp_init_lock' declared void
 extern void omp_init_lock (omp_lock_t *) __GOMP_NOTHROW;
                            ^
/usr/lib/gcc/x86_64-pc-cygwin/5.3.0/include/omp.h:86:28: error: 'omp_lock_t' was not declared in this scope
/usr/lib/gcc/x86_64-pc-cygwin/5.3.0/include/omp.h:86:40: error: expected primary-expression before ')' token
 extern void omp_init_lock (omp_lock_t *) __GOMP_NOTHROW;
                                        ^
/usr/lib/gcc/x86_64-pc-cygwin/5.3.0/include/omp.h:87:31: error: variable or field 'omp_destroy_lock' declared void
 extern void omp_destroy_lock (omp_lock_t *) __GOMP_NOTHROW;
                               ^
/usr/lib/gcc/x86_64-pc-cygwin/5.3.0/include/omp.h:87:31: error: 'omp_lock_t' was not declared in this scope
/usr/lib/gcc/x86_64-pc-cygwin/5.3.0/include/omp.h:87:43: error: expected primary-expression before ')' token
 extern void omp_destroy_lock (omp_lock_t *) __GOMP_NOTHROW;
                                           ^
/usr/lib/gcc/x86_64-pc-cygwin/5.3.0/include/omp.h:88:27: error: variable or field 'omp_set_lock' declared void
 extern void omp_set_lock (omp_lock_t *) __GOMP_NOTHROW;
                           ^
/usr/lib/gcc/x86_64-pc-cygwin/5.3.0/include/omp.h:88:27: error: 'omp_lock_t' was not declared in this scope
/usr/lib/gcc/x86_64-pc-cygwin/5.3.0/include/omp.h:88:39: error: expected primary-expression before ')' token
 extern void omp_set_lock (omp_lock_t *) __GOMP_NOTHROW;
                                       ^
/usr/lib/gcc/x86_64-pc-cygwin/5.3.0/include/omp.h:89:29: error: variable or field 'omp_unset_lock' declared void
 extern void omp_unset_lock (omp_lock_t *) __GOMP_NOTHROW;
                             ^
/usr/lib/gcc/x86_64-pc-cygwin/5.3.0/include/omp.h:89:29: error: 'omp_lock_t' was not declared in this scope
/usr/lib/gcc/x86_64-pc-cygwin/5.3.0/include/omp.h:89:41: error: expected primary-expression before ')' token
 extern void omp_unset_lock (omp_lock_t *) __GOMP_NOTHROW;
                                         ^
/usr/lib/gcc/x86_64-pc-cygwin/5.3.0/include/omp.h:90:27: error: 'omp_lock_t' was not declared in this scope
 extern int omp_test_lock (omp_lock_t *) __GOMP_NOTHROW;
                           ^
/usr/lib/gcc/x86_64-pc-cygwin/5.3.0/include/omp.h:90:39: error: expected primary-expression before ')' token
 extern int omp_test_lock (omp_lock_t *) __GOMP_NOTHROW;
                                       ^
/usr/lib/gcc/x86_64-pc-cygwin/5.3.0/include/omp.h:90:41: error: expected ',' or ';' before 'throw'
 extern int omp_test_lock (omp_lock_t *) __GOMP_NOTHROW;
                                         ^
configure:4346: $? = 1
configure: failed program was:
| /* confdefs.h */
| #define PACKAGE_NAME "ParKin"
| #define PACKAGE_TARNAME "ParKin"
| #define PACKAGE_VERSION "1.0"
| #define PACKAGE_STRING "ParKin 1.0"
| #define PACKAGE_BUGREPORT ""
| #define PACKAGE_URL "http://www.bioinf.uni-freiburg.de "
| #define PACKAGE "ParKin"
| #define VERSION "1.0"
| /* end confdefs.h.  */
| 
| #ifndef _OPENMP
|  choke me
| #endif
| #include <omp.h>
| int main () { return omp_get_num_threads (); }
| 
configure:4364: g++ -o conftest.exe  -fopenmp   conftest.cpp  >&5
configure:4364: $? = 0
configure:4378: result: -fopenmp
configure:4408: checking whether g++ supports C++11 features by default
configure:4442: g++ -c   conftest.cpp >&5
conftest.cpp:15:21: error: expected identifier before 'sizeof'
       static_assert(sizeof(int) <= sizeof(T), "not big enough");
                     ^
conftest.cpp:15:21: error: expected ',' or '...' before 'sizeof'
conftest.cpp:22:20: warning: override controls (override/final) only available with -std=c++11 or -std=gnu++11
     virtual void f() override {}
                    ^
conftest.cpp:25:29: error: '>>' should be '> >' within a nested template argument list
     typedef check<check<bool>> right_angle_brackets;
                             ^
conftest.cpp:28:13: error: expected constructor, destructor, or type conversion before '(' token
     decltype(a) b;
             ^
conftest.cpp:32:15: error: expected unqualified-id before '&&' token
     check_type&& cr = static_cast<check_type&&>(c);
               ^
conftest.cpp:34:10: error: 'd' does not name a type
     auto d = a;
          ^
conftest.cpp:35:10: error: 'l' does not name a type
     auto l = [](){};
          ^
configure:4442: $? = 1
configure: failed program was:
| /* confdefs.h */
| #define PACKAGE_NAME "ParKin"
| #define PACKAGE_TARNAME "ParKin"
| #define PACKAGE_VERSION "1.0"
| #define PACKAGE_STRING "ParKin 1.0"
| #define PACKAGE_BUGREPORT ""
| #define PACKAGE_URL "http://www.bioinf.uni-freiburg.de "
| #define PACKAGE "ParKin"
| #define VERSION "1.0"
| /* end confdefs.h.  */
| 
|   template <typename T>
|     struct check
|     {
|       static_assert(sizeof(int) <= sizeof(T), "not big enough");
|     };
| 
|     struct Base {
|     virtual void f() {}
|     };
|     struct Child : public Base {
|     virtual void f() override {}
|     };
| 
|     typedef check<check<bool>> right_angle_brackets;
| 
|     int a;
|     decltype(a) b;
| 
|     typedef check<int> check_type;
|     check_type c;
|     check_type&& cr = static_cast<check_type&&>(c);
| 
|     auto d = a;
|     auto l = [](){};
| 
configure:4449: result: no
configure:4460: checking whether g++ supports C++11 features with -std=c++11
configure:4496: g++ -c  -std=c++11  conftest.cpp >&5
configure:4496: $? = 0
configure:4505: result: yes
configure:4544: checking whether to build with debug information
configure:4552: result: no
configure:4599: checking how to run the C++ preprocessor
configure:4626: g++ -E  conftest.cpp
configure:4626: $? = 0
configure:4640: g++ -E  conftest.cpp
conftest.cpp:12:28: fatal error: ac_nonexistent.h: No such file or directory
compilation terminated.
configure:4640: $? = 1
configure: failed program was:
| /* confdefs.h */
| #define PACKAGE_NAME "ParKin"
| #define PACKAGE_TARNAME "ParKin"
| #define PACKAGE_VERSION "1.0"
| #define PACKAGE_STRING "ParKin 1.0"
| #define PACKAGE_BUGREPORT ""
| #define PACKAGE_URL "http://www.bioinf.uni-freiburg.de "
| #define PACKAGE "ParKin"
| #define VERSION "1.0"
| #define NDEBUG /**/
| /* end confdefs.h.  */
| #include <ac_nonexistent.h>
configure:4665: result: g++ -E
configure:4685: g++ -E  conftest.cpp
configure:4685: $? = 0
configure:4699: g++ -E  conftest.cpp
conftest.cpp:12:28: fatal error: ac_nonexistent.h: No such file or directory
compilation terminated.
configure:4699: $? = 1
configure: failed program was:
| /* confdefs.h */
| #define PACKAGE_NAME "ParKin"
| #define PACKAGE_TARNAME "ParKin"
| #define PACKAGE_VERSION "1.0"
| #define PACKAGE_STRING "ParKin 1.0"
| #define PACKAGE_BUGREPORT ""
| #define PACKAGE_URL "http://www.bioinf.uni-freiburg.de "
| #define PACKAGE "ParKin"
| #define VERSION "1.0"
| #define NDEBUG /**/
| /* end confdefs.h.  */
| #include <ac_nonexistent.h>
configure:4728: checking for grep that handles long lines and -e
configure:4786: result: /usr/bin/grep
configure:4791: checking for egrep
configure:4853: result: /usr/bin/grep -E
configure:4858: checking for ANSI C header files
configure:4878: g++ -c  -std=c++11  conftest.cpp >&5
configure:4878: $? = 0
configure:4951: g++ -o conftest.exe  -std=c++11   conftest.cpp  >&5
configure:4951: $? = 0
configure:4951: ./conftest.exe
configure:4951: $? = 0
configure:4962: result: yes
configure:4975: checking for sys/types.h
configure:4975: g++ -c  -std=c++11  conftest.cpp >&5
configure:4975: $? = 0
configure:4975: result: yes
configure:4975: checking for sys/stat.h
configure:4975: g++ -c  -std=c++11  conftest.cpp >&5
configure:4975: $? = 0
configure:4975: result: yes
configure:4975: checking for stdlib.h
configure:4975: g++ -c  -std=c++11  conftest.cpp >&5
configure:4975: $? = 0
configure:4975: result: yes
configure:4975: checking for string.h
configure:4975: g++ -c  -std=c++11  conftest.cpp >&5
configure:4975: $? = 0
configure:4975: result: yes
configure:4975: checking for memory.h
configure:4975: g++ -c  -std=c++11  conftest.cpp >&5
configure:4975: $? = 0
configure:4975: result: yes
configure:4975: checking for strings.h
configure:4975: g++ -c  -std=c++11  conftest.cpp >&5
configure:4975: $? = 0
configure:4975: result: yes
configure:4975: checking for inttypes.h
configure:4975: g++ -c  -std=c++11  conftest.cpp >&5
configure:4975: $? = 0
configure:4975: result: yes
configure:4975: checking for stdint.h
configure:4975: g++ -c  -std=c++11  conftest.cpp >&5
configure:4975: $? = 0
configure:4975: result: yes
configure:4975: checking for unistd.h
configure:4975: g++ -c  -std=c++11  conftest.cpp >&5
configure:4975: $? = 0
configure:4975: result: yes
configure:4987: checking for size_t
configure:4987: g++ -c  -std=c++11  conftest.cpp >&5
configure:4987: $? = 0
configure:4987: g++ -c  -std=c++11  conftest.cpp >&5
conftest.cpp: In function 'int main()':
conftest.cpp:58:20: error: expected primary-expression before ')' token
 if (sizeof ((size_t)))
                    ^
configure:4987: $? = 1
configure: failed program was:
| /* confdefs.h */
| #define PACKAGE_NAME "ParKin"
| #define PACKAGE_TARNAME "ParKin"
| #define PACKAGE_VERSION "1.0"
| #define PACKAGE_STRING "ParKin 1.0"
| #define PACKAGE_BUGREPORT ""
| #define PACKAGE_URL "http://www.bioinf.uni-freiburg.de "
| #define PACKAGE "ParKin"
| #define VERSION "1.0"
| #define NDEBUG /**/
| #define STDC_HEADERS 1
| #define HAVE_SYS_TYPES_H 1
| #define HAVE_SYS_STAT_H 1
| #define HAVE_STDLIB_H 1
| #define HAVE_STRING_H 1
| #define HAVE_MEMORY_H 1
| #define HAVE_STRINGS_H 1
| #define HAVE_INTTYPES_H 1
| #define HAVE_STDINT_H 1
| #define HAVE_UNISTD_H 1
| /* end confdefs.h.  */
| #include <stdio.h>
| #ifdef HAVE_SYS_TYPES_H
| # include <sys/types.h>
| #endif
| #ifdef HAVE_SYS_STAT_H
| # include <sys/stat.h>
| #endif
| #ifdef STDC_HEADERS
| # include <stdlib.h>
| # include <stddef.h>
| #else
| # ifdef HAVE_STDLIB_H
| #  include <stdlib.h>
| # endif
| #endif
| #ifdef HAVE_STRING_H
| # if !defined STDC_HEADERS && defined HAVE_MEMORY_H
| #  include <memory.h>
| # endif
| # include <string.h>
| #endif
| #ifdef HAVE_STRINGS_H
| # include <strings.h>
| #endif
| #ifdef HAVE_INTTYPES_H
| # include <inttypes.h>
| #endif
| #ifdef HAVE_STDINT_H
| # include <stdint.h>
| #endif
| #ifdef HAVE_UNISTD_H
| # include <unistd.h>
| #endif
| int
| main ()
| {
| if (sizeof ((size_t)))
| 	    return 0;
|   ;
|   return 0;
| }
configure:4987: result: yes
configure:5000: checking for ANSI C header files
configure:5104: result: yes
configure:5118: checking for the Vienna RNA package 2.* headers
configure:5128: g++ -c  -std=c++11 -I/cygdrive/c/Users/Quin/install/ViennaRNA-dev/include -fopenmp -O3 -fno-strict-aliasing -Wno-uninitialized -Wno-deprecated  conftest.cpp >&5
configure:5128: $? = 0
configure:5130: result: yes
configure:5132: checking for fold_par in -lRNA
configure:5157: g++ -o conftest.exe  -std=c++11 -I/cygdrive/c/Users/Quin/install/ViennaRNA-dev/include -fopenmp -O3 -fno-strict-aliasing -Wno-uninitialized -Wno-deprecated   -L/cygdrive/c/Users/Quin/install/ViennaRNA-dev/lib -Wl,--enable-auto-import  conftest.cpp -lRNA   >&5
configure:5157: $? = 0
configure:5166: result: yes
configure:5352: checking that generated files are newer than configure
configure:5358: result: done
configure:5385: creating ./config.status

## ---------------------- ##
## Running config.status. ##
## ---------------------- ##

This file was extended by ParKin config.status 1.0, which was
generated by GNU Autoconf 2.69.  Invocation command line was

  CONFIG_FILES    = 
  CONFIG_HEADERS  = 
  CONFIG_LINKS    = 
  CONFIG_COMMANDS = 
  $ ./config.status 

on QuinTheEskimo

config.status:876: creating Makefile
config.status:876: creating src/Makefile
config.status:876: creating misc/Makefile
config.status:876: creating src/config.h
config.status:1090: executing depfiles commands

## ---------------- ##
## Cache variables. ##
## ---------------- ##

ac_cv_build=x86_64-unknown-cygwin
ac_cv_c_compiler_gnu=yes
ac_cv_cxx_compiler_gnu=yes
ac_cv_env_CCC_set=
ac_cv_env_CCC_value=
ac_cv_env_CC_set=
ac_cv_env_CC_value=
ac_cv_env_CFLAGS_set=
ac_cv_env_CFLAGS_value=
ac_cv_env_CPPFLAGS_set=
ac_cv_env_CPPFLAGS_value=
ac_cv_env_CXXCPP_set=
ac_cv_env_CXXCPP_value=
ac_cv_env_CXXFLAGS_set=
ac_cv_env_CXXFLAGS_value=
ac_cv_env_CXX_set=
ac_cv_env_CXX_value=
ac_cv_env_LDFLAGS_set=
ac_cv_env_LDFLAGS_value=
ac_cv_env_LIBS_set=
ac_cv_env_LIBS_value=
ac_cv_env_build_alias_set=
ac_cv_env_build_alias_value=
ac_cv_env_host_alias_set=
ac_cv_env_host_alias_value=
ac_cv_env_target_alias_set=
ac_cv_env_target_alias_value=
ac_cv_exeext=.exe
ac_cv_header_inttypes_h=yes
ac_cv_header_memory_h=yes
ac_cv_header_stdc=yes
ac_cv_header_stdint_h=yes
ac_cv_header_stdlib_h=yes
ac_cv_header_string_h=yes
ac_cv_header_strings_h=yes
ac_cv_header_sys_stat_h=yes
ac_cv_header_sys_types_h=yes
ac_cv_header_unistd_h=yes
ac_cv_host=x86_64-unknown-cygwin
ac_cv_lib_RNA_fold_par=yes
ac_cv_objext=o
ac_cv_path_EGREP='/usr/bin/grep -E'
ac_cv_path_GREP=/usr/bin/grep
ac_cv_path_install='/usr/bin/install -c'
ac_cv_path_mkdir=/usr/bin/mkdir
ac_cv_prog_AWK=gawk
ac_cv_prog_CXXCPP='g++ -E'
ac_cv_prog_HAVE_PKG_CONFIG=yes
ac_cv_prog_ac_ct_CC=gcc
ac_cv_prog_ac_ct_CXX=g++
ac_cv_prog_cc_c89=
ac_cv_prog_cc_g=yes
ac_cv_prog_cxx_g=yes
ac_cv_prog_cxx_openmp=-fopenmp
ac_cv_prog_make_make_set=yes
ac_cv_type_size_t=yes
am_cv_CC_dependencies_compiler_type=gcc3
am_cv_CXX_dependencies_compiler_type=gcc3
am_cv_make_support_nested_variables=yes
am_cv_prog_cc_c_o=yes
ax_cv_cxx_compile_cxx11=no
ax_cv_cxx_compile_cxx11__std_cpp11=yes

## ----------------- ##
## Output variables. ##
## ----------------- ##

ACLOCAL='${SHELL} /cygdrive/C/Users/Quin/WORK/ParKin/missing aclocal-1.14'
AMDEPBACKSLASH='\'
AMDEP_FALSE='#'
AMDEP_TRUE=''
AMTAR='$${TAR-tar}'
AM_BACKSLASH='\'
AM_CXXFLAGS='-I/cygdrive/c/Users/Quin/install/ViennaRNA-dev/include -fopenmp -O3 -fno-strict-aliasing -Wno-uninitialized -Wno-deprecated'
AM_DEFAULT_V='$(AM_DEFAULT_VERBOSITY)'
AM_DEFAULT_VERBOSITY='1'
AM_LDFLAGS='-L/cygdrive/c/Users/Quin/install/ViennaRNA-dev/lib -Wl,--enable-auto-import '
AM_V='$(V)'
AUTOCONF='${SHELL} /cygdrive/C/Users/Quin/WORK/ParKin/missing autoconf'
AUTOHEADER='${SHELL} /cygdrive/C/Users/Quin/WORK/ParKin/missing autoheader'
AUTOMAKE='${SHELL} /cygdrive/C/Users/Quin/WORK/ParKin/missing automake-1.14'
AWK='gawk'
CC='gcc'
CCDEPMODE='depmode=gcc3'
CFLAGS=''
CPPFLAGS=''
CXX='g++'
CXXCPP='g++ -E'
CXXDEPMODE='depmode=gcc3'
CXXFLAGS=' -std=c++11'
CYGPATH_W='cygpath -w'
DEFS='-DHAVE_CONFIG_H'
DEPDIR='.deps'
ECHO_C=''
ECHO_N='-n'
ECHO_T=''
EGREP='/usr/bin/grep -E'
EXEEXT='.exe'
GREP='/usr/bin/grep'
HAVE_CXX11=''
HAVE_PKG_CONFIG='yes'
INSTALL_DATA='${INSTALL} -m 644'
INSTALL_PROGRAM='${INSTALL}'
INSTALL_SCRIPT='${INSTALL}'
INSTALL_STRIP_PROGRAM='$(install_sh) -c -s'
LDFLAGS=''
LIBOBJS=''
LIBS=' -lRNA'
LTLIBOBJS=''
MAKEINFO='${SHELL} /cygdrive/C/Users/Quin/WORK/ParKin/missing makeinfo'
MKDIR_P='/usr/bin/mkdir -p'
OBJEXT='o'
OPENMP_CXXFLAGS='-fopenmp'
PACKAGE='ParKin'
PACKAGE_BUGREPORT=''
PACKAGE_NAME='ParKin'
PACKAGE_STRING='ParKin 1.0'
PACKAGE_TARNAME='ParKin'
PACKAGE_URL='http://www.bioinf.uni-freiburg.de '
PACKAGE_VERSION='1.0'
PATH_SEPARATOR=':'
SET_MAKE=''
SHELL='/bin/sh'
STRIP=''
VERSION='1.0'
ac_ct_CC='gcc'
ac_ct_CXX='g++'
am__EXEEXT_FALSE='#'
am__EXEEXT_TRUE=''
am__fastdepCC_FALSE='#'
am__fastdepCC_TRUE=''
am__fastdepCXX_FALSE='#'
am__fastdepCXX_TRUE=''
am__include='include'
am__isrc=' -I$(srcdir)'
am__leading_dot='.'
am__nodep='_no'
am__quote=''
am__tar='$${TAR-tar} chof - "$$tardir"'
am__untar='$${TAR-tar} xf -'
bindir='${exec_prefix}/bin'
build='x86_64-unknown-cygwin'
build_alias=''
build_cpu='x86_64'
build_os='cygwin'
build_vendor='unknown'
datadir='${datarootdir}'
datarootdir='${prefix}/share'
docdir='${datarootdir}/doc/${PACKAGE_TARNAME}'
dvidir='${docdir}'
exec_prefix='${prefix}'
host='x86_64-unknown-cygwin'
host_alias=''
host_cpu='x86_64'
host_os='cygwin'
host_vendor='unknown'
htmldir='${docdir}'
includedir='${prefix}/include'
infodir='${datarootdir}/info'
install_sh='${SHELL} /cygdrive/C/Users/Quin/WORK/ParKin/install-sh'
libdir='${exec_prefix}/lib'
libexecdir='${exec_prefix}/libexec'
localedir='${datarootdir}/locale'
localstatedir='${prefix}/var'
mandir='${datarootdir}/man'
mkdir_p='$(MKDIR_P)'
oldincludedir='/usr/include'
pdfdir='${docdir}'
prefix='/usr/local'
program_transform_name='s,x,x,'
psdir='${docdir}'
sbindir='${exec_prefix}/sbin'
sharedstatedir='${prefix}/com'
sysconfdir='${prefix}/etc'
target_alias=''

## ----------- ##
## confdefs.h. ##
## ----------- ##

/* confdefs.h */
#define PACKAGE_NAME "ParKin"
#define PACKAGE_TARNAME "ParKin"
#define PACKAGE_VERSION "1.0"
#define PACKAGE_STRING "ParKin 1.0"
#define PACKAGE_BUGREPORT ""
#define PACKAGE_URL "http://www.bioinf.uni-freiburg.de "
#define PACKAGE "ParKin"
#define VERSION "1.0"
#define NDEBUG /**/
#define STDC_HEADERS 1
#define HAVE_SYS_TYPES_H 1
#define HAVE_SYS_STAT_H 1
#define HAVE_STDLIB_H 1
#define HAVE_STRING_H 1
#define HAVE_MEMORY_H 1
#define HAVE_STRINGS_H 1
#define HAVE_INTTYPES_H 1
#define HAVE_STDINT_H 1
#define HAVE_UNISTD_H 1
#define STDC_HEADERS 1

configure: exit 0
